2014/07/26 15:25:10 [error] [exception.CHttpException.404] exception 'CHttpException' with message 'Unable to resolve the request "gi".' in C:\xampp\htdocs\yii-horus\yii\framework\web\CWebApplication.php:286
Stack trace:
#0 C:\xampp\htdocs\yii-horus\yii\framework\web\CWebApplication.php(141): CWebApplication->runController('gi')
#1 C:\xampp\htdocs\yii-horus\yii\framework\base\CApplication.php(180): CWebApplication->processRequest()
#2 C:\xampp\htdocs\yii-horus\app\index.php(13): CApplication->run()
#3 {main}
REQUEST_URI=/yii-horus/app/index.php/gi
---
2014/07/26 10:54:42 [error] [exception.CDbException] exception 'CDbException' with message 'CDbConnection failed to open the DB connection: could not find driver' in /var/www/yii-horus/yii/framework/db/CDbConnection.php:382
Stack trace:
#0 /var/www/yii-horus/yii/framework/db/CDbConnection.php(330): CDbConnection->open()
#1 /var/www/yii-horus/yii/framework/db/CDbConnection.php(308): CDbConnection->setActive(true)
#2 /var/www/yii-horus/yii/framework/base/CModule.php(387): CDbConnection->init()
#3 /var/www/yii-horus/yii/framework/base/CModule.php(103): CModule->getComponent('db')
#4 /var/www/yii-horus/yii/framework/gii/generators/model/ModelCode.php(60): CModule->__get('db')
#5 /var/www/yii-horus/yii/framework/web/CFormModel.php(39): ModelCode->init()
#6 /var/www/yii-horus/yii/framework/gii/CCodeGenerator.php(153): CFormModel->__construct()
#7 /var/www/yii-horus/yii/framework/gii/CCodeGenerator.php(63): CCodeGenerator->prepare()
#8 /var/www/yii-horus/yii/framework/web/actions/CInlineAction.php(49): CCodeGenerator->actionIndex()
#9 /var/www/yii-horus/yii/framework/web/CController.php(308): CInlineAction->runWithParams(Array)
#10 /var/www/yii-horus/yii/framework/web/CController.php(286): CController->runAction(Object(CInlineAction))
#11 /var/www/yii-horus/yii/framework/web/CController.php(265): CController->runActionWithFilters(Object(CInlineAction), Array)
#12 /var/www/yii-horus/yii/framework/web/CWebApplication.php(282): CController->run('index')
#13 /var/www/yii-horus/yii/framework/web/CWebApplication.php(141): CWebApplication->runController('gii/giixModel/i...')
#14 /var/www/yii-horus/yii/framework/base/CApplication.php(180): CWebApplication->processRequest()
#15 /var/www/yii-horus/app/index.php(13): CApplication->run()
#16 {main}
REQUEST_URI=/yii-horus/app/index.php/gii/giixModel/index
HTTP_REFERER=http://localhost/yii-horus/app/index.php/gii/default/index
---
2014/07/26 10:54:52 [error] [exception.CDbException] exception 'CDbException' with message 'CDbConnection failed to open the DB connection: could not find driver' in /var/www/yii-horus/yii/framework/db/CDbConnection.php:382
Stack trace:
#0 /var/www/yii-horus/yii/framework/db/CDbConnection.php(330): CDbConnection->open()
#1 /var/www/yii-horus/yii/framework/db/CDbConnection.php(308): CDbConnection->setActive(true)
#2 /var/www/yii-horus/yii/framework/base/CModule.php(387): CDbConnection->init()
#3 /var/www/yii-horus/yii/framework/base/CModule.php(103): CModule->getComponent('db')
#4 /var/www/yii-horus/yii/framework/gii/generators/crud/CrudCode.php(44): CModule->__get('db')
#5 /var/www/yii-horus/yii/framework/web/CFormModel.php(39): CrudCode->init()
#6 /var/www/yii-horus/yii/framework/gii/CCodeGenerator.php(153): CFormModel->__construct()
#7 /var/www/yii-horus/yii/framework/gii/CCodeGenerator.php(63): CCodeGenerator->prepare()
#8 /var/www/yii-horus/yii/framework/web/actions/CInlineAction.php(49): CCodeGenerator->actionIndex()
#9 /var/www/yii-horus/yii/framework/web/CController.php(308): CInlineAction->runWithParams(Array)
#10 /var/www/yii-horus/yii/framework/web/CController.php(286): CController->runAction(Object(CInlineAction))
#11 /var/www/yii-horus/yii/framework/web/CController.php(265): CController->runActionWithFilters(Object(CInlineAction), Array)
#12 /var/www/yii-horus/yii/framework/web/CWebApplication.php(282): CController->run('index')
#13 /var/www/yii-horus/yii/framework/web/CWebApplication.php(141): CWebApplication->runController('gii/giixCrud/in...')
#14 /var/www/yii-horus/yii/framework/base/CApplication.php(180): CWebApplication->processRequest()
#15 /var/www/yii-horus/app/index.php(13): CApplication->run()
#16 {main}
REQUEST_URI=/yii-horus/app/index.php/gii/giixCrud/index
HTTP_REFERER=http://localhost/yii-horus/app/index.php/gii/default/index
---
2014/07/26 10:55:51 [error] [exception.CDbException] exception 'CDbException' with message 'CDbConnection failed to open the DB connection: could not find driver' in /var/www/yii-horus/yii/framework/db/CDbConnection.php:382
Stack trace:
#0 /var/www/yii-horus/yii/framework/db/CDbConnection.php(330): CDbConnection->open()
#1 /var/www/yii-horus/yii/framework/db/CDbConnection.php(308): CDbConnection->setActive(true)
#2 /var/www/yii-horus/yii/framework/base/CModule.php(387): CDbConnection->init()
#3 /var/www/yii-horus/yii/framework/base/CModule.php(103): CModule->getComponent('db')
#4 /var/www/yii-horus/yii/framework/gii/generators/crud/CrudCode.php(44): CModule->__get('db')
#5 /var/www/yii-horus/yii/framework/web/CFormModel.php(39): CrudCode->init()
#6 /var/www/yii-horus/yii/framework/gii/CCodeGenerator.php(153): CFormModel->__construct()
#7 /var/www/yii-horus/yii/framework/gii/CCodeGenerator.php(63): CCodeGenerator->prepare()
#8 /var/www/yii-horus/yii/framework/web/actions/CInlineAction.php(49): CCodeGenerator->actionIndex()
#9 /var/www/yii-horus/yii/framework/web/CController.php(308): CInlineAction->runWithParams(Array)
#10 /var/www/yii-horus/yii/framework/web/CController.php(286): CController->runAction(Object(CInlineAction))
#11 /var/www/yii-horus/yii/framework/web/CController.php(265): CController->runActionWithFilters(Object(CInlineAction), Array)
#12 /var/www/yii-horus/yii/framework/web/CWebApplication.php(282): CController->run('index')
#13 /var/www/yii-horus/yii/framework/web/CWebApplication.php(141): CWebApplication->runController('gii/giixCrud/in...')
#14 /var/www/yii-horus/yii/framework/base/CApplication.php(180): CWebApplication->processRequest()
#15 /var/www/yii-horus/app/index.php(13): CApplication->run()
#16 {main}
REQUEST_URI=/yii-horus/app/index.php/gii/giixCrud/index
---
2014/07/26 10:56:07 [error] [exception.CDbException] exception 'CDbException' with message 'CDbConnection failed to open the DB connection: could not find driver' in /var/www/yii-horus/yii/framework/db/CDbConnection.php:382
Stack trace:
#0 /var/www/yii-horus/yii/framework/db/CDbConnection.php(330): CDbConnection->open()
#1 /var/www/yii-horus/yii/framework/db/CDbConnection.php(308): CDbConnection->setActive(true)
#2 /var/www/yii-horus/yii/framework/base/CModule.php(387): CDbConnection->init()
#3 /var/www/yii-horus/yii/framework/base/CModule.php(103): CModule->getComponent('db')
#4 /var/www/yii-horus/yii/framework/gii/generators/model/ModelCode.php(60): CModule->__get('db')
#5 /var/www/yii-horus/yii/framework/web/CFormModel.php(39): ModelCode->init()
#6 /var/www/yii-horus/yii/framework/gii/CCodeGenerator.php(153): CFormModel->__construct()
#7 /var/www/yii-horus/yii/framework/gii/CCodeGenerator.php(63): CCodeGenerator->prepare()
#8 /var/www/yii-horus/yii/framework/web/actions/CInlineAction.php(49): CCodeGenerator->actionIndex()
#9 /var/www/yii-horus/yii/framework/web/CController.php(308): CInlineAction->runWithParams(Array)
#10 /var/www/yii-horus/yii/framework/web/CController.php(286): CController->runAction(Object(CInlineAction))
#11 /var/www/yii-horus/yii/framework/web/CController.php(265): CController->runActionWithFilters(Object(CInlineAction), Array)
#12 /var/www/yii-horus/yii/framework/web/CWebApplication.php(282): CController->run('index')
#13 /var/www/yii-horus/yii/framework/web/CWebApplication.php(141): CWebApplication->runController('gii/giixModel/i...')
#14 /var/www/yii-horus/yii/framework/base/CApplication.php(180): CWebApplication->processRequest()
#15 /var/www/yii-horus/app/index.php(13): CApplication->run()
#16 {main}
REQUEST_URI=/yii-horus/app/index.php/gii/giixModel/index
HTTP_REFERER=http://localhost/yii-horus/app/index.php/gii/default/index
---
2014/07/26 10:58:55 [error] [exception.CDbException] exception 'CDbException' with message 'CDbConnection failed to open the DB connection: could not find driver' in /var/www/yii-horus/yii/framework/db/CDbConnection.php:382
Stack trace:
#0 /var/www/yii-horus/yii/framework/db/CDbConnection.php(330): CDbConnection->open()
#1 /var/www/yii-horus/yii/framework/db/CDbConnection.php(308): CDbConnection->setActive(true)
#2 /var/www/yii-horus/yii/framework/base/CModule.php(387): CDbConnection->init()
#3 /var/www/yii-horus/yii/framework/base/CModule.php(103): CModule->getComponent('db')
#4 /var/www/yii-horus/yii/framework/gii/generators/model/ModelCode.php(60): CModule->__get('db')
#5 /var/www/yii-horus/yii/framework/web/CFormModel.php(39): ModelCode->init()
#6 /var/www/yii-horus/yii/framework/gii/CCodeGenerator.php(153): CFormModel->__construct()
#7 /var/www/yii-horus/yii/framework/gii/CCodeGenerator.php(63): CCodeGenerator->prepare()
#8 /var/www/yii-horus/yii/framework/web/actions/CInlineAction.php(49): CCodeGenerator->actionIndex()
#9 /var/www/yii-horus/yii/framework/web/CController.php(308): CInlineAction->runWithParams(Array)
#10 /var/www/yii-horus/yii/framework/web/CController.php(286): CController->runAction(Object(CInlineAction))
#11 /var/www/yii-horus/yii/framework/web/CController.php(265): CController->runActionWithFilters(Object(CInlineAction), Array)
#12 /var/www/yii-horus/yii/framework/web/CWebApplication.php(282): CController->run('index')
#13 /var/www/yii-horus/yii/framework/web/CWebApplication.php(141): CWebApplication->runController('gii/giixModel/i...')
#14 /var/www/yii-horus/yii/framework/base/CApplication.php(180): CWebApplication->processRequest()
#15 /var/www/yii-horus/app/index.php(13): CApplication->run()
#16 {main}
REQUEST_URI=/yii-horus/app/index.php/gii/giixModel/index
HTTP_REFERER=http://localhost/yii-horus/app/index.php/gii/default/index
---
2014/07/26 10:59:17 [error] [exception.CDbException] exception 'CDbException' with message 'CDbConnection failed to open the DB connection: SQLSTATE[28000] [1045] Access denied for user 'root'@'localhost' (using password: NO)' in /var/www/yii-horus/yii/framework/db/CDbConnection.php:382
Stack trace:
#0 /var/www/yii-horus/yii/framework/db/CDbConnection.php(330): CDbConnection->open()
#1 /var/www/yii-horus/yii/framework/db/CDbConnection.php(308): CDbConnection->setActive(true)
#2 /var/www/yii-horus/yii/framework/base/CModule.php(387): CDbConnection->init()
#3 /var/www/yii-horus/yii/framework/base/CModule.php(103): CModule->getComponent('db')
#4 /var/www/yii-horus/yii/framework/gii/generators/model/ModelCode.php(60): CModule->__get('db')
#5 /var/www/yii-horus/yii/framework/web/CFormModel.php(39): ModelCode->init()
#6 /var/www/yii-horus/yii/framework/gii/CCodeGenerator.php(153): CFormModel->__construct()
#7 /var/www/yii-horus/yii/framework/gii/CCodeGenerator.php(63): CCodeGenerator->prepare()
#8 /var/www/yii-horus/yii/framework/web/actions/CInlineAction.php(49): CCodeGenerator->actionIndex()
#9 /var/www/yii-horus/yii/framework/web/CController.php(308): CInlineAction->runWithParams(Array)
#10 /var/www/yii-horus/yii/framework/web/CController.php(286): CController->runAction(Object(CInlineAction))
#11 /var/www/yii-horus/yii/framework/web/CController.php(265): CController->runActionWithFilters(Object(CInlineAction), Array)
#12 /var/www/yii-horus/yii/framework/web/CWebApplication.php(282): CController->run('index')
#13 /var/www/yii-horus/yii/framework/web/CWebApplication.php(141): CWebApplication->runController('gii/giixModel/i...')
#14 /var/www/yii-horus/yii/framework/base/CApplication.php(180): CWebApplication->processRequest()
#15 /var/www/yii-horus/app/index.php(13): CApplication->run()
#16 {main}
REQUEST_URI=/yii-horus/app/index.php/gii/giixModel/index
HTTP_REFERER=http://localhost/yii-horus/app/index.php/gii/default/index
---
2014/07/26 11:01:12 [error] [exception.CHttpException.404] exception 'CHttpException' with message 'Unable to resolve the request "usuario".' in /var/www/yii-horus/yii/framework/web/CWebApplication.php:286
Stack trace:
#0 /var/www/yii-horus/yii/framework/web/CWebApplication.php(141): CWebApplication->runController('usuario')
#1 /var/www/yii-horus/yii/framework/base/CApplication.php(180): CWebApplication->processRequest()
#2 /var/www/yii-horus/app/index.php(13): CApplication->run()
#3 {main}
REQUEST_URI=/yii-horus/app/index.php/usuario
---
2014/07/26 11:01:15 [error] [exception.CHttpException.404] exception 'CHttpException' with message 'Unable to resolve the request "usuarios".' in /var/www/yii-horus/yii/framework/web/CWebApplication.php:286
Stack trace:
#0 /var/www/yii-horus/yii/framework/web/CWebApplication.php(141): CWebApplication->runController('usuarios')
#1 /var/www/yii-horus/yii/framework/base/CApplication.php(180): CWebApplication->processRequest()
#2 /var/www/yii-horus/app/index.php(13): CApplication->run()
#3 {main}
REQUEST_URI=/yii-horus/app/index.php/usuarios
---
2014/07/26 11:02:42 [error] [exception.CHttpException.404] exception 'CHttpException' with message 'Unable to resolve the request "usuario".' in /var/www/yii-horus/yii/framework/web/CWebApplication.php:286
Stack trace:
#0 /var/www/yii-horus/yii/framework/web/CWebApplication.php(141): CWebApplication->runController('usuario')
#1 /var/www/yii-horus/yii/framework/base/CApplication.php(180): CWebApplication->processRequest()
#2 /var/www/yii-horus/app/index.php(13): CApplication->run()
#3 {main}
REQUEST_URI=/yii-horus/app/index.php/usuario
---
2014/07/26 11:05:03 [error] [exception.CHttpException.404] exception 'CHttpException' with message 'The system is unable to find the requested action "mensagem".' in /var/www/yii-horus/yii/framework/web/CController.php:483
Stack trace:
#0 /var/www/yii-horus/yii/framework/web/CController.php(270): CController->missingAction('mensagem')
#1 /var/www/yii-horus/yii/framework/web/CWebApplication.php(282): CController->run('mensagem')
#2 /var/www/yii-horus/yii/framework/web/CWebApplication.php(141): CWebApplication->runController('usuario/mensage...')
#3 /var/www/yii-horus/yii/framework/base/CApplication.php(180): CWebApplication->processRequest()
#4 /var/www/yii-horus/app/index.php(13): CApplication->run()
#5 {main}
REQUEST_URI=/yii-horus/app/index.php/usuario/mensagem
---
2014/07/26 11:05:11 [error] [exception.CHttpException.404] exception 'CHttpException' with message 'The system is unable to find the requested action "mensagem".' in /var/www/yii-horus/yii/framework/web/CController.php:483
Stack trace:
#0 /var/www/yii-horus/yii/framework/web/CController.php(270): CController->missingAction('mensagem')
#1 /var/www/yii-horus/yii/framework/web/CWebApplication.php(282): CController->run('mensagem')
#2 /var/www/yii-horus/yii/framework/web/CWebApplication.php(141): CWebApplication->runController('usuario/mensage...')
#3 /var/www/yii-horus/yii/framework/base/CApplication.php(180): CWebApplication->processRequest()
#4 /var/www/yii-horus/app/index.php(13): CApplication->run()
#5 {main}
REQUEST_URI=/yii-horus/app/index.php/usuario/mensagem
---
